2020-11-11 13:19:28 INFO  Automation Logger:39 - ----------Automation Scripts are Strated----------- 
 2020-11-11 13:19:32 INFO  Automation Logger:45 - Chrome Browser has been Initiated
 2020-11-11 13:19:54 INFO  Automation Logger:56 - Launched the URL https://blazedemo.com/
 2020-11-11 13:19:56 INFO  Automation Logger:13 - TC001 -- Test Verify Home Page Started -- 
 2020-11-11 13:19:56 INFO  Automation Logger:16 - TC001 -- Test Verify Home Page Completed Succesfully -- 
 2020-11-11 13:19:56 INFO  Automation Logger:21 - TC002 -- Started --Test to validate Departure City List -- 
 2020-11-11 13:19:56 INFO  Automation Logger:31 - TC002 -- Completed --Test to validate Departure City List -- 
 2020-11-11 13:19:56 INFO  Automation Logger:37 - TC003 -- Started --Test to validate Arrival City List -- 
 2020-11-11 13:19:57 INFO  Automation Logger:47 - TC003 -- Completed --Test to validate Arrival City List -- 
 2020-11-11 13:19:57 INFO  Automation Logger:53 - TC004 -- Started --Test to validate flight Search -- 
 2020-11-11 13:20:00 INFO  Automation Logger:69 - TC004 -- Completed --Test to validate flight Search -- 
 2020-11-11 13:20:00 INFO  Automation Logger:75 - TC005 -- Started --Test to validate Book flights -- 
 2020-11-11 13:20:04 INFO  Automation Logger:94 - TC005 -- Completed --Test to validate Book flights -- 
 2020-11-11 13:20:05 INFO  Automation Logger:68 - ---------Driver has been Terminated Successfully---------
 2020-11-11 13:20:32 INFO  Automation Logger:39 - ----------Automation Scripts are Strated----------- 
 2020-11-11 13:20:36 INFO  Automation Logger:45 - Chrome Browser has been Initiated
 2020-11-11 13:20:52 INFO  Automation Logger:56 - Launched the URL https://blazedemo.com/
 2020-11-11 13:20:54 INFO  Automation Logger:13 - TC001 -- Test Verify Home Page Started -- 
 2020-11-11 13:20:55 INFO  Automation Logger:16 - TC001 -- Test Verify Home Page Completed Succesfully -- 
 2020-11-11 13:20:55 INFO  Automation Logger:21 - TC002 -- Started --Test to validate Departure City List -- 
 2020-11-11 13:20:55 INFO  Automation Logger:31 - TC002 -- Completed --Test to validate Departure City List -- 
 2020-11-11 13:20:55 INFO  Automation Logger:37 - TC003 -- Started --Test to validate Arrival City List -- 
 2020-11-11 13:20:55 INFO  Automation Logger:47 - TC003 -- Completed --Test to validate Arrival City List -- 
 2020-11-11 13:20:55 INFO  Automation Logger:53 - TC004 -- Started --Test to validate flight Search -- 
 2020-11-11 13:20:59 INFO  Automation Logger:69 - TC004 -- Completed --Test to validate flight Search -- 
 2020-11-11 13:20:59 INFO  Automation Logger:75 - TC005 -- Started --Test to validate Book flights -- 
 2020-11-11 13:21:03 INFO  Automation Logger:94 - TC005 -- Completed --Test to validate Book flights -- 
 2020-11-11 13:21:04 INFO  Automation Logger:68 - ---------Driver has been Terminated Successfully---------
 